{"level":"error","message":"Cast to ObjectId failed for value \"64bfd696e0a332bc92a42e63b9\" (type string) at path \"userId\" for model \"Profile\"","timestamp":"2023-07-26T07:19:23.344Z"}
{"level":"error","message":"Cast to ObjectId failed for value \"64bfd696e0a332bc92a42e63b9\" (type string) at path \"userId\" for model \"Profile\"","timestamp":"2023-07-26T07:21:01.446Z"}
{"level":"error","message":"Cast to ObjectId failed for value \"64bfd696e0a332bc92a42e63b9\" (type string) at path \"userId\" for model \"Profile\"","timestamp":"2023-07-26T07:21:59.500Z"}
{"level":"error","message":"Cast to ObjectId failed for value \"64bfd696e0a332bc92a42e63b9\" (type string) at path \"userId\" for model \"Profile\"","timestamp":"2023-07-26T07:26:58.543Z"}
{"level":"error","message":"Cast to ObjectId failed for value \"64bfd696e0a332bc92a42e63b9\" (type string) at path \"userId\" for model \"Profile\"","timestamp":"2023-07-26T07:30:24.038Z"}
{"level":"error","message":"Cast to ObjectId failed for value \"64bfd696e0a332bc92a42e63b9\" (type string) at path \"userId\" for model \"Profile\"","timestamp":"2023-07-26T07:31:05.763Z"}
{"level":"error","message":"Cast to ObjectId failed for value \"64bfd696e0a332bc92a42e63b9\" (type string) at path \"userId\" for model \"Profile\"","timestamp":"2023-07-26T07:31:12.455Z"}
{"level":"error","message":"Cast to ObjectId failed for value \"64bfd696e0a332bc92a42e63b9\" (type string) at path \"userId\" for model \"Profile\"","timestamp":"2023-07-26T07:31:25.969Z"}
{"level":"error","message":"Cast to ObjectId failed for value \"64bfd696e0a332bc92a42e63b9\" (type string) at path \"userId\" for model \"Profile\"","timestamp":"2023-07-26T07:32:16.233Z"}
{"level":"error","message":"Cast to ObjectId failed for value \"64bfd696e0a332bc92a42e63b9\" (type string) at path \"userId\" for model \"Profile\"","timestamp":"2023-07-26T07:32:41.179Z"}
{"level":"error","message":"connect ECONNREFUSED 127.0.0.1:3000","timestamp":"2023-07-26T07:33:10.234Z"}
{"level":"error","message":"connect ECONNREFUSED 127.0.0.1:3000","timestamp":"2023-07-26T07:33:11.947Z"}
{"level":"error","message":"Cast to ObjectId failed for value \"4bfd696e0a2bc92a42e63b9\" (type string) at path \"userId\" for model \"Profile\"","timestamp":"2023-07-26T07:33:54.272Z"}
{"level":"error","message":"Cast to ObjectId failed for value \"4bfd696e0a2bc92a42e63b9\" (type string) at path \"userId\" for model \"Profile\"","timestamp":"2023-07-26T07:34:14.974Z"}
{"level":"error","message":"already created profile, try update it","timestamp":"2023-07-26T07:34:19.597Z"}
{"level":"error","message":"already created profile, try update it","timestamp":"2023-07-26T07:34:35.551Z"}
{"level":"error","message":"already created profile, try update it","timestamp":"2023-07-26T07:34:36.916Z"}
{"level":"error","message":"already created profile, try update it","timestamp":"2023-07-26T07:34:50.679Z"}
{"level":"error","message":"Cast to ObjectId failed for value \"64bfd696e0a2bc92ad42e63b9\" (type string) at path \"userId\" for model \"Profile\"","timestamp":"2023-07-26T07:35:03.068Z"}
{"level":"error","message":"already created profile, try update it","timestamp":"2023-07-26T07:35:07.047Z"}
{"level":"error","message":"already created profile, try update it","timestamp":"2023-07-26T07:35:32.899Z"}
{"level":"error","message":"User not found","timestamp":"2023-07-26T07:36:18.502Z"}
{"level":"error","message":"Request failed with status code 404","timestamp":"2023-07-26T07:36:18.506Z"}
{"level":"error","message":"User not found","timestamp":"2023-07-26T07:38:51.148Z"}
{"level":"error","message":"Request failed with status code 404","timestamp":"2023-07-26T07:38:51.157Z"}
{"level":"error","message":"Cast to ObjectId failed for value \"4bfd696e0a2bc92a42e63b9\" (type string) at path \"userId\" for model \"Profile\"","timestamp":"2023-07-26T07:38:56.153Z"}
{"level":"error","message":"already created profile, try update it","timestamp":"2023-07-26T07:39:00.628Z"}
{"level":"error","message":"already created profile, try update it","timestamp":"2023-07-26T07:39:19.973Z"}
{"level":"error","message":"already created profile, try update it","timestamp":"2023-07-26T07:39:24.278Z"}
{"level":"error","message":"Intentional error for testing next function","timestamp":"2023-07-26T07:40:39.085Z"}
{"level":"error","message":"Intentional error for testing next function","stack":"Error: Intentional error for testing next function\n    at E:\\project\\task\\mDrift\\profileService\\index.js:33:11\n    at Layer.handle [as handle_request] (E:\\project\\task\\mDrift\\node_modules\\express\\lib\\router\\layer.js:95:5)\n    at next (E:\\project\\task\\mDrift\\node_modules\\express\\lib\\router\\route.js:144:13)\n    at Route.dispatch (E:\\project\\task\\mDrift\\node_modules\\express\\lib\\router\\route.js:114:3)\n    at Layer.handle [as handle_request] (E:\\project\\task\\mDrift\\node_modules\\express\\lib\\router\\layer.js:95:5)\n    at E:\\project\\task\\mDrift\\node_modules\\express\\lib\\router\\index.js:284:15\n    at Function.process_params (E:\\project\\task\\mDrift\\node_modules\\express\\lib\\router\\index.js:346:12)\n    at next (E:\\project\\task\\mDrift\\node_modules\\express\\lib\\router\\index.js:280:10)\n    at E:\\project\\task\\mDrift\\node_modules\\express\\node_modules\\body-parser\\lib\\read.js:137:5\n    at AsyncResource.runInAsyncScope (async_hooks.js:197:9)","timestamp":"2023-07-26T07:40:39.094Z"}
{"level":"error","message":"Intentional error for testing next function","timestamp":"2023-07-26T15:01:59.329Z"}
{"level":"error","message":"Intentional error for testing next function","timestamp":"2023-07-26T15:02:29.920Z"}
{"level":"error","message":"Intentional error for testing next function","timestamp":"2023-07-26T15:04:33.875Z"}
{"level":"error","message":"Intentional error for testing next function","stack":"Error: Intentional error for testing next function\n    at E:\\project\\task\\mDrift\\profileService\\index.js:30:11\n    at Layer.handle [as handle_request] (E:\\project\\task\\mDrift\\node_modules\\express\\lib\\router\\layer.js:95:5)\n    at next (E:\\project\\task\\mDrift\\node_modules\\express\\lib\\router\\route.js:144:13)\n    at Route.dispatch (E:\\project\\task\\mDrift\\node_modules\\express\\lib\\router\\route.js:114:3)\n    at Layer.handle [as handle_request] (E:\\project\\task\\mDrift\\node_modules\\express\\lib\\router\\layer.js:95:5)\n    at E:\\project\\task\\mDrift\\node_modules\\express\\lib\\router\\index.js:284:15\n    at Function.process_params (E:\\project\\task\\mDrift\\node_modules\\express\\lib\\router\\index.js:346:12)\n    at next (E:\\project\\task\\mDrift\\node_modules\\express\\lib\\router\\index.js:280:10)\n    at E:\\project\\task\\mDrift\\node_modules\\express\\node_modules\\body-parser\\lib\\read.js:137:5\n    at AsyncResource.runInAsyncScope (async_hooks.js:197:9)","timestamp":"2023-07-26T15:04:33.886Z"}
{"level":"error","message":"Intentional error for testing next function","timestamp":"2023-07-26T15:04:42.698Z"}
{"level":"error","message":"Intentional error for testing next function","stack":"Error: Intentional error for testing next function\n    at E:\\project\\task\\mDrift\\profileService\\index.js:30:11\n    at Layer.handle [as handle_request] (E:\\project\\task\\mDrift\\node_modules\\express\\lib\\router\\layer.js:95:5)\n    at next (E:\\project\\task\\mDrift\\node_modules\\express\\lib\\router\\route.js:144:13)\n    at Route.dispatch (E:\\project\\task\\mDrift\\node_modules\\express\\lib\\router\\route.js:114:3)\n    at Layer.handle [as handle_request] (E:\\project\\task\\mDrift\\node_modules\\express\\lib\\router\\layer.js:95:5)\n    at E:\\project\\task\\mDrift\\node_modules\\express\\lib\\router\\index.js:284:15\n    at Function.process_params (E:\\project\\task\\mDrift\\node_modules\\express\\lib\\router\\index.js:346:12)\n    at next (E:\\project\\task\\mDrift\\node_modules\\express\\lib\\router\\index.js:280:10)\n    at E:\\project\\task\\mDrift\\node_modules\\express\\node_modules\\body-parser\\lib\\read.js:137:5\n    at AsyncResource.runInAsyncScope (async_hooks.js:197:9)","timestamp":"2023-07-26T15:04:42.702Z"}
{"level":"error","message":"Intentional error for testing next function","timestamp":"2023-07-26T15:04:51.218Z"}
{"level":"error","message":"Intentional error for testing next function","timestamp":"2023-07-26T15:05:24.278Z"}
{"level":"error","message":"Intentional error for testing next function","stack":"Error: Intentional error for testing next function\n    at E:\\project\\task\\mDrift\\profileService\\index.js:17:11\n    at Layer.handle [as handle_request] (E:\\project\\task\\mDrift\\node_modules\\express\\lib\\router\\layer.js:95:5)\n    at next (E:\\project\\task\\mDrift\\node_modules\\express\\lib\\router\\route.js:144:13)\n    at Route.dispatch (E:\\project\\task\\mDrift\\node_modules\\express\\lib\\router\\route.js:114:3)\n    at Layer.handle [as handle_request] (E:\\project\\task\\mDrift\\node_modules\\express\\lib\\router\\layer.js:95:5)\n    at E:\\project\\task\\mDrift\\node_modules\\express\\lib\\router\\index.js:284:15\n    at Function.process_params (E:\\project\\task\\mDrift\\node_modules\\express\\lib\\router\\index.js:346:12)\n    at next (E:\\project\\task\\mDrift\\node_modules\\express\\lib\\router\\index.js:280:10)\n    at E:\\project\\task\\mDrift\\node_modules\\express\\node_modules\\body-parser\\lib\\read.js:137:5\n    at AsyncResource.runInAsyncScope (async_hooks.js:197:9)","timestamp":"2023-07-26T15:05:24.287Z"}
{"level":"error","message":{"error":"\"fullName\" must be a valid email"},"timestamp":"2023-07-26T15:14:06.361Z"}
{"level":"error","message":{"error":"\"profilePictureUrl\" length must be at least 6 characters long"},"timestamp":"2023-07-26T15:14:25.987Z"}
{"level":"error","message":"Operation `profiles.findOne()` buffering timed out after 10000ms","timestamp":"2023-07-26T15:14:46.793Z"}
{"level":"error","message":"Operation `profiles.findOne()` buffering timed out after 10000ms","stack":"MongooseError: Operation `profiles.findOne()` buffering timed out after 10000ms\n    at Timeout.<anonymous> (E:\\project\\task\\mDrift\\node_modules\\mongoose\\lib\\drivers\\node-mongodb-native\\collection.js:185:23)\n    at listOnTimeout (internal/timers.js:557:17)\n    at processTimers (internal/timers.js:500:7)","timestamp":"2023-07-26T15:14:46.798Z"}
{"level":"error","message":"Operation `profiles.findOne()` buffering timed out after 10000ms","timestamp":"2023-07-26T15:14:57.562Z"}
{"level":"error","message":"Operation `profiles.findOne()` buffering timed out after 10000ms","stack":"MongooseError: Operation `profiles.findOne()` buffering timed out after 10000ms\n    at Timeout.<anonymous> (E:\\project\\task\\mDrift\\node_modules\\mongoose\\lib\\drivers\\node-mongodb-native\\collection.js:185:23)\n    at listOnTimeout (internal/timers.js:557:17)\n    at processTimers (internal/timers.js:500:7)","timestamp":"2023-07-26T15:14:57.564Z"}
{"level":"error","message":"Operation `profiles.findOne()` buffering timed out after 10000ms","timestamp":"2023-07-26T15:15:31.300Z"}
{"level":"error","message":"Operation `profiles.findOne()` buffering timed out after 10000ms","stack":"MongooseError: Operation `profiles.findOne()` buffering timed out after 10000ms\n    at Timeout.<anonymous> (E:\\project\\task\\mDrift\\node_modules\\mongoose\\lib\\drivers\\node-mongodb-native\\collection.js:185:23)\n    at listOnTimeout (internal/timers.js:557:17)\n    at processTimers (internal/timers.js:500:7)","timestamp":"2023-07-26T15:15:31.308Z"}
{"level":"error","message":"already created profile, try update it","timestamp":"2023-07-26T15:16:01.537Z"}
{"level":"error","message":"already created profile, try update it","timestamp":"2023-07-26T15:20:02.141Z"}
{"level":"error","message":"jwt is not defined","stack":"ReferenceError: jwt is not defined\n    at E:\\project\\task\\mDrift\\userService\\index.js:41:19\n    at processTicksAndRejections (internal/process/task_queues.js:95:5)","timestamp":"2023-07-26T15:42:44.646Z"}
{"level":"error","message":"connect ETIMEDOUT 35.154.157.12:27017","stack":"MongoNetworkError: connect ETIMEDOUT 35.154.157.12:27017\n    at connectionFailureError (E:\\project\\task\\mDrift\\node_modules\\mongodb\\lib\\cmap\\connect.js:367:20)\n    at TLSSocket.<anonymous> (E:\\project\\task\\mDrift\\node_modules\\mongodb\\lib\\cmap\\connect.js:290:22)\n    at Object.onceWrapper (events.js:520:26)\n    at TLSSocket.emit (events.js:400:28)\n    at emitErrorNT (internal/streams/destroy.js:106:8)\n    at emitErrorCloseNT (internal/streams/destroy.js:74:3)\n    at processTicksAndRejections (internal/process/task_queues.js:82:21)","timestamp":"2023-07-26T15:48:08.598Z"}
{"level":"error","message":"Invalid userId","timestamp":"2023-07-26T15:56:26.915Z"}
{"level":"error","message":"Invalid userId","timestamp":"2023-07-26T15:56:47.013Z"}
{"level":"error","message":"Invalid userId","timestamp":"2023-07-26T15:58:14.999Z"}
{"level":"error","message":"Invalid userId","timestamp":"2023-07-26T15:58:25.902Z"}
{"level":"error","message":"Operation `profiles.findOne()` buffering timed out after 10000ms","timestamp":"2023-07-26T15:58:45.054Z"}
{"level":"error","message":"Operation `profiles.findOne()` buffering timed out after 10000ms","stack":"MongooseError: Operation `profiles.findOne()` buffering timed out after 10000ms\n    at Timeout.<anonymous> (E:\\project\\task\\mDrift\\node_modules\\mongoose\\lib\\drivers\\node-mongodb-native\\collection.js:185:23)\n    at listOnTimeout (internal/timers.js:557:17)\n    at processTimers (internal/timers.js:500:7)","timestamp":"2023-07-26T15:58:45.060Z"}
{"level":"error","message":"Operation `profiles.findOne()` buffering timed out after 10000ms","timestamp":"2023-07-26T15:59:11.746Z"}
{"level":"error","message":"Operation `profiles.findOne()` buffering timed out after 10000ms","stack":"MongooseError: Operation `profiles.findOne()` buffering timed out after 10000ms\n    at Timeout.<anonymous> (E:\\project\\task\\mDrift\\node_modules\\mongoose\\lib\\drivers\\node-mongodb-native\\collection.js:185:23)\n    at listOnTimeout (internal/timers.js:557:17)\n    at processTimers (internal/timers.js:500:7)","timestamp":"2023-07-26T15:59:11.753Z"}
{"level":"error","message":"Request failed with status code 404","timestamp":"2023-07-26T16:00:17.111Z"}
{"level":"error","message":"Request failed with status code 404","stack":"AxiosError: Request failed with status code 404\n    at settle (E:\\project\\task\\mDrift\\node_modules\\axios\\dist\\node\\axios.cjs:1909:12)\n    at IncomingMessage.handleStreamEnd (E:\\project\\task\\mDrift\\node_modules\\axios\\dist\\node\\axios.cjs:2989:11)\n    at IncomingMessage.emit (events.js:412:35)\n    at endReadableNT (internal/streams/readable.js:1334:12)\n    at processTicksAndRejections (internal/process/task_queues.js:82:21)","timestamp":"2023-07-26T16:00:17.184Z"}
{"level":"error","message":"Operation `profiles.findOne()` buffering timed out after 10000ms","timestamp":"2023-07-26T16:08:26.407Z"}
{"level":"error","message":"Operation `profiles.findOne()` buffering timed out after 10000ms","stack":"MongooseError: Operation `profiles.findOne()` buffering timed out after 10000ms\n    at Timeout.<anonymous> (E:\\project\\task\\mDrift\\node_modules\\mongoose\\lib\\drivers\\node-mongodb-native\\collection.js:185:23)\n    at listOnTimeout (internal/timers.js:557:17)\n    at processTimers (internal/timers.js:500:7)","timestamp":"2023-07-26T16:08:26.415Z"}
{"level":"error","message":"Operation `profiles.findOne()` buffering timed out after 10000ms","timestamp":"2023-07-26T16:08:47.506Z"}
{"level":"error","message":"Operation `profiles.findOne()` buffering timed out after 10000ms","stack":"MongooseError: Operation `profiles.findOne()` buffering timed out after 10000ms\n    at Timeout.<anonymous> (E:\\project\\task\\mDrift\\node_modules\\mongoose\\lib\\drivers\\node-mongodb-native\\collection.js:185:23)\n    at listOnTimeout (internal/timers.js:557:17)\n    at processTimers (internal/timers.js:500:7)","timestamp":"2023-07-26T16:08:47.509Z"}
{"level":"error","message":"Request failed with status code 404","timestamp":"2023-07-26T16:08:59.924Z"}
{"level":"error","message":"Request failed with status code 404","stack":"AxiosError: Request failed with status code 404\n    at settle (E:\\project\\task\\mDrift\\node_modules\\axios\\dist\\node\\axios.cjs:1909:12)\n    at IncomingMessage.handleStreamEnd (E:\\project\\task\\mDrift\\node_modules\\axios\\dist\\node\\axios.cjs:2989:11)\n    at IncomingMessage.emit (events.js:412:35)\n    at endReadableNT (internal/streams/readable.js:1334:12)\n    at processTicksAndRejections (internal/process/task_queues.js:82:21)","timestamp":"2023-07-26T16:08:59.993Z"}
{"level":"error","message":"Request failed with status code 404","timestamp":"2023-07-26T16:09:04.235Z"}
{"level":"error","message":"Request failed with status code 404","stack":"AxiosError: Request failed with status code 404\n    at settle (E:\\project\\task\\mDrift\\node_modules\\axios\\dist\\node\\axios.cjs:1909:12)\n    at IncomingMessage.handleStreamEnd (E:\\project\\task\\mDrift\\node_modules\\axios\\dist\\node\\axios.cjs:2989:11)\n    at IncomingMessage.emit (events.js:412:35)\n    at endReadableNT (internal/streams/readable.js:1334:12)\n    at processTicksAndRejections (internal/process/task_queues.js:82:21)","timestamp":"2023-07-26T16:09:04.302Z"}
{"level":"error","message":"Request failed with status code 404","timestamp":"2023-07-26T16:09:21.026Z"}
{"level":"error","message":"Request failed with status code 404","stack":"AxiosError: Request failed with status code 404\n    at settle (E:\\project\\task\\mDrift\\node_modules\\axios\\dist\\node\\axios.cjs:1909:12)\n    at IncomingMessage.handleStreamEnd (E:\\project\\task\\mDrift\\node_modules\\axios\\dist\\node\\axios.cjs:2989:11)\n    at IncomingMessage.emit (events.js:412:35)\n    at endReadableNT (internal/streams/readable.js:1334:12)\n    at processTicksAndRejections (internal/process/task_queues.js:82:21)","timestamp":"2023-07-26T16:09:21.125Z"}
{"level":"error","message":"Request failed with status code 404","timestamp":"2023-07-26T16:10:20.811Z"}
{"level":"error","message":"Request failed with status code 404","stack":"AxiosError: Request failed with status code 404\n    at settle (E:\\project\\task\\mDrift\\node_modules\\axios\\dist\\node\\axios.cjs:1909:12)\n    at IncomingMessage.handleStreamEnd (E:\\project\\task\\mDrift\\node_modules\\axios\\dist\\node\\axios.cjs:2989:11)\n    at IncomingMessage.emit (events.js:412:35)\n    at endReadableNT (internal/streams/readable.js:1334:12)\n    at processTicksAndRejections (internal/process/task_queues.js:82:21)","timestamp":"2023-07-26T16:10:20.895Z"}
{"level":"error","message":"Request failed with status code 404","timestamp":"2023-07-26T16:10:22.911Z"}
{"level":"error","message":"Request failed with status code 404","stack":"AxiosError: Request failed with status code 404\n    at settle (E:\\project\\task\\mDrift\\node_modules\\axios\\dist\\node\\axios.cjs:1909:12)\n    at IncomingMessage.handleStreamEnd (E:\\project\\task\\mDrift\\node_modules\\axios\\dist\\node\\axios.cjs:2989:11)\n    at IncomingMessage.emit (events.js:412:35)\n    at endReadableNT (internal/streams/readable.js:1334:12)\n    at processTicksAndRejections (internal/process/task_queues.js:82:21)","timestamp":"2023-07-26T16:10:22.988Z"}
{"level":"error","message":"Request failed with status code 404","timestamp":"2023-07-26T16:10:41.008Z"}
{"level":"error","message":"Request failed with status code 404","stack":"AxiosError: Request failed with status code 404\n    at settle (E:\\project\\task\\mDrift\\node_modules\\axios\\dist\\node\\axios.cjs:1909:12)\n    at IncomingMessage.handleStreamEnd (E:\\project\\task\\mDrift\\node_modules\\axios\\dist\\node\\axios.cjs:2989:11)\n    at IncomingMessage.emit (events.js:412:35)\n    at endReadableNT (internal/streams/readable.js:1334:12)\n    at processTicksAndRejections (internal/process/task_queues.js:82:21)","timestamp":"2023-07-26T16:10:41.111Z"}
{"level":"error","message":"Request failed with status code 404","timestamp":"2023-07-26T16:11:24.606Z"}
{"level":"error","message":"Request failed with status code 404","stack":"AxiosError: Request failed with status code 404\n    at settle (E:\\project\\task\\mDrift\\node_modules\\axios\\dist\\node\\axios.cjs:1909:12)\n    at IncomingMessage.handleStreamEnd (E:\\project\\task\\mDrift\\node_modules\\axios\\dist\\node\\axios.cjs:2989:11)\n    at IncomingMessage.emit (events.js:412:35)\n    at endReadableNT (internal/streams/readable.js:1334:12)\n    at processTicksAndRejections (internal/process/task_queues.js:82:21)","timestamp":"2023-07-26T16:11:24.677Z"}
{"level":"error","message":"Request failed with status code 404","timestamp":"2023-07-26T16:14:28.015Z"}
{"level":"error","message":"Request failed with status code 404","stack":"AxiosError: Request failed with status code 404\n    at settle (E:\\project\\task\\mDrift\\node_modules\\axios\\dist\\node\\axios.cjs:1909:12)\n    at IncomingMessage.handleStreamEnd (E:\\project\\task\\mDrift\\node_modules\\axios\\dist\\node\\axios.cjs:2989:11)\n    at IncomingMessage.emit (events.js:412:35)\n    at endReadableNT (internal/streams/readable.js:1334:12)\n    at processTicksAndRejections (internal/process/task_queues.js:82:21)","timestamp":"2023-07-26T16:14:28.097Z"}
{"level":"error","message":"Request failed with status code 404","timestamp":"2023-07-26T16:15:10.241Z"}
{"level":"error","message":"Request failed with status code 404","stack":"AxiosError: Request failed with status code 404\n    at settle (E:\\project\\task\\mDrift\\node_modules\\axios\\dist\\node\\axios.cjs:1909:12)\n    at IncomingMessage.handleStreamEnd (E:\\project\\task\\mDrift\\node_modules\\axios\\dist\\node\\axios.cjs:2989:11)\n    at IncomingMessage.emit (events.js:412:35)\n    at endReadableNT (internal/streams/readable.js:1334:12)\n    at processTicksAndRejections (internal/process/task_queues.js:82:21)","timestamp":"2023-07-26T16:15:10.280Z"}
{"level":"error","message":"Request failed with status code 404","timestamp":"2023-07-26T16:15:48.994Z"}
{"level":"error","message":"Request failed with status code 404","stack":"AxiosError: Request failed with status code 404\n    at settle (E:\\project\\task\\mDrift\\node_modules\\axios\\dist\\node\\axios.cjs:1909:12)\n    at IncomingMessage.handleStreamEnd (E:\\project\\task\\mDrift\\node_modules\\axios\\dist\\node\\axios.cjs:2989:11)\n    at IncomingMessage.emit (events.js:412:35)\n    at endReadableNT (internal/streams/readable.js:1334:12)\n    at processTicksAndRejections (internal/process/task_queues.js:82:21)","timestamp":"2023-07-26T16:15:49.103Z"}
